0 info it worked if it ends with ok
1 verbose cli [ 'D:\\Program Files\\nodejs\\node.exe',
1 verbose cli   'D:\\Program Files\\nodejs\\node_modules\\npm\\bin\\npm-cli.js',
1 verbose cli   'start' ]
2 info using npm@3.10.7
3 info using node@v6.3.1
4 verbose run-script [ 'prestart', 'start', 'poststart' ]
5 info lifecycle socketquizgames@0.0.0~prestart: socketquizgames@0.0.0
6 silly lifecycle socketquizgames@0.0.0~prestart: no script for prestart, continuing
7 info lifecycle socketquizgames@0.0.0~start: socketquizgames@0.0.0
8 verbose lifecycle socketquizgames@0.0.0~start: unsafe-perm in lifecycle true
9 verbose lifecycle socketquizgames@0.0.0~start: PATH: D:\Users\Michael\AppData\Roaming\nvm\v6.3.1\node_modules\npm\bin\node-gyp-bin;D:\SocketQuizGames\node_modules\.bin;C:\Program Files\Common Files\Microsoft Shared\Windows Live;C:\Program Files (x86)\Common Files\Microsoft Shared\Windows Live;C:\Program Files\ImageMagick-6.8.9-Q16;C:\ProgramData\Oracle\Java\javapath;C:\Program Files (x86)\NVIDIA Corporation\PhysX\Common;C:\Program Files (x86)\Intel\iCLS Client\;C:\Program Files\Intel\iCLS Client\;C:\WINDOWS\system32;C:\WINDOWS;C:\WINDOWS\System32\Wbem;C:\WINDOWS\System32\WindowsPowerShell\v1.0\;C:\Program Files\Intel\Intel(R) Management Engine Components\DAL;C:\Program Files\Intel\Intel(R) Management Engine Components\IPT;C:\Program Files (x86)\Intel\Intel(R) Management Engine Components\DAL;C:\Program Files (x86)\Intel\Intel(R) Management Engine Components\IPT;C:\Program Files\Apache Software Foundation\apache-maven-3.2.5\bin;C:\Program Files (x86)\sbt\\bin;C:\Program Files (x86)\mingw-w64\i686-4.9.2-posix-dwarf-rt_v4-rev2\mingw32\bin;C:\Program Files (x86)\scala\bin;C:\Program Files (x86)\Git\cmd;C:\Program Files\MongoDB\Server\3.0\bin;D:\Program Files (x86)\Heroku\bin;C:\Program Files (x86)\git\cmd;D:\Program Files\PostgreSQL\9.4\bin;C:\Program Files (x86)\Skype\Phone\;C:\Program Files (x86)\QuickTime\QTSystem\;D:\Users\Michael\AppData\Local\Android\sdk\platform-tools;C:\Program Files (x86)\Windows Live\Shared;D:\Users\Michael\AppData\Roaming\nvm;D:\Program Files\nodejs;C:\WINDOWS\system32\config\systemprofile\.dnx\bin;C:\Program Files\Microsoft DNX\Dnvm\;C:\Program Files\Microsoft SQL Server\130\Tools\Binn\;D:\Program Files (x86)\Windows Kits\10\Windows Performance Toolkit\;C:\Program Files (x86)\Windows Kits\8.1\Windows Performance Toolkit\;D:\Ruby21-x64\bin;C:\Program Files\ImageMagick-6.8.9-Q16;C:\ProgramData\Oracle\Java\javapath;C:\Program Files (x86)\NVIDIA Corporation\PhysX\Common;C:\Program Files (x86)\Intel\iCLS Client\;C:\Program Files\Intel\iCLS Client\;C:\Windows\system32;C:\Windows;C:\Windows\System32\Wbem;C:\Windows\System32\WindowsPowerShell\v1.0\;C:\Program Files\Intel\Intel(R) Management Engine Components\DAL;C:\Program Files\Intel\Intel(R) Management Engine Components\IPT;C:\Program Files (x86)\Intel\Intel(R) Management Engine Components\DAL;C:\Program Files (x86)\Intel\Intel(R) Management Engine Components\IPT;C:\Program Files\Apache Software Foundation\apache-maven-3.2.5\bin;C:\Program Files (x86)\sbt\\bin;%APP_DATA%/npm;C:\Program Files\nodejs\;C:\Program Files (x86)\mingw-w64\i686-4.9.2-posix-dwarf-rt_v4-rev2\mingw32\bin;C:\Program Files (x86)\scala\bin;C:\Program Files (x86)\Skype\Phone\;C:\Program Files (x86)\Git\cmd;c:\local\bin;c:\Program Files (x86)\Git\bin;C:\Users\Michael\AppData\Roaming\npm;D:\Program Files\PostgreSQL\9.4\bin;D:\sqlite;D:\Users\Michael\AppData\Roaming\nvm;D:\Program Files\nodejs;C:\Users\Michael\AppData\Local\Microsoft\WindowsApps;
10 verbose lifecycle socketquizgames@0.0.0~start: CWD: D:\SocketQuizGames
11 silly lifecycle socketquizgames@0.0.0~start: Args: [ '/d /s /c', 'node index.js' ]
12 silly lifecycle socketquizgames@0.0.0~start: Returned: code: 1  signal: null
13 info lifecycle socketquizgames@0.0.0~start: Failed to exec start script
14 verbose stack Error: socketquizgames@0.0.0 start: `node index.js`
14 verbose stack Exit status 1
14 verbose stack     at EventEmitter.<anonymous> (D:\Users\Michael\AppData\Roaming\nvm\v6.3.1\node_modules\npm\lib\utils\lifecycle.js:255:16)
14 verbose stack     at emitTwo (events.js:106:13)
14 verbose stack     at EventEmitter.emit (events.js:191:7)
14 verbose stack     at ChildProcess.<anonymous> (D:\Users\Michael\AppData\Roaming\nvm\v6.3.1\node_modules\npm\lib\utils\spawn.js:40:14)
14 verbose stack     at emitTwo (events.js:106:13)
14 verbose stack     at ChildProcess.emit (events.js:191:7)
14 verbose stack     at maybeClose (internal/child_process.js:852:16)
14 verbose stack     at Process.ChildProcess._handle.onexit (internal/child_process.js:215:5)
15 verbose pkgid socketquizgames@0.0.0
16 verbose cwd D:\SocketQuizGames
17 error Windows_NT 10.0.14393
18 error argv "D:\\Program Files\\nodejs\\node.exe" "D:\\Program Files\\nodejs\\node_modules\\npm\\bin\\npm-cli.js" "start"
19 error node v6.3.1
20 error npm  v3.10.7
21 error code ELIFECYCLE
22 error socketquizgames@0.0.0 start: `node index.js`
22 error Exit status 1
23 error Failed at the socketquizgames@0.0.0 start script 'node index.js'.
23 error Make sure you have the latest version of node.js and npm installed.
23 error If you do, this is most likely a problem with the socketquizgames package,
23 error not with npm itself.
23 error Tell the author that this fails on your system:
23 error     node index.js
23 error You can get information on how to open an issue for this project with:
23 error     npm bugs socketquizgames
23 error Or if that isn't available, you can get their info via:
23 error     npm owner ls socketquizgames
23 error There is likely additional logging output above.
24 verbose exit [ 1, true ]
